[2026-01-24T12:10:52.848+0000] {taskinstance.py:1956} INFO - Dependencies all met for dep_context=non-requeueable deps ti=<TaskInstance: opensky_pipeline.run_opensky_pipeline scheduled__2026-01-24T11:00:00+00:00 [queued]>
[2026-01-24T12:10:52.872+0000] {taskinstance.py:1956} INFO - Dependencies all met for dep_context=requeueable deps ti=<TaskInstance: opensky_pipeline.run_opensky_pipeline scheduled__2026-01-24T11:00:00+00:00 [queued]>
[2026-01-24T12:10:52.874+0000] {taskinstance.py:2170} INFO - Starting attempt 3 of 4
[2026-01-24T12:10:52.913+0000] {taskinstance.py:2191} INFO - Executing <Task(PythonOperator): run_opensky_pipeline> on 2026-01-24 11:00:00+00:00
[2026-01-24T12:10:52.935+0000] {standard_task_runner.py:60} INFO - Started process 823 to run task
[2026-01-24T12:10:52.947+0000] {standard_task_runner.py:87} INFO - Running: ['***', 'tasks', 'run', 'opensky_pipeline', 'run_opensky_pipeline', 'scheduled__2026-01-24T11:00:00+00:00', '--job-id', '81', '--raw', '--subdir', 'DAGS_FOLDER/opensky_pipeline_dags.py', '--cfg-path', '/tmp/tmpqgl8t__x']
[2026-01-24T12:10:52.959+0000] {standard_task_runner.py:88} INFO - Job 81: Subtask run_opensky_pipeline
[2026-01-24T12:10:53.063+0000] {task_command.py:423} INFO - Running <TaskInstance: opensky_pipeline.run_opensky_pipeline scheduled__2026-01-24T11:00:00+00:00 [running]> on host c6935d5629b6
[2026-01-24T12:10:53.524+0000] {taskinstance.py:2480} INFO - Exporting env vars: AIRFLOW_CTX_DAG_OWNER='***' AIRFLOW_CTX_DAG_ID='opensky_pipeline' AIRFLOW_CTX_TASK_ID='run_opensky_pipeline' AIRFLOW_CTX_EXECUTION_DATE='2026-01-24T11:00:00+00:00' AIRFLOW_CTX_TRY_NUMBER='3' AIRFLOW_CTX_DAG_RUN_ID='scheduled__2026-01-24T11:00:00+00:00'
[2026-01-24T12:11:15.098+0000] {taskinstance.py:2698} ERROR - Task failed with exception
Traceback (most recent call last):
  File "/home/airflow/.local/lib/python3.11/site-packages/urllib3/connection.py", line 203, in _new_conn
    sock = connection.create_connection(
           ^^^^^^^^^^^^^^^^^^^^^^^^^^^^^
  File "/home/airflow/.local/lib/python3.11/site-packages/urllib3/util/connection.py", line 85, in create_connection
    raise err
  File "/home/airflow/.local/lib/python3.11/site-packages/urllib3/util/connection.py", line 73, in create_connection
    sock.connect(sa)
ConnectionRefusedError: [Errno 111] Connection refused

The above exception was the direct cause of the following exception:

Traceback (most recent call last):
  File "/home/airflow/.local/lib/python3.11/site-packages/urllib3/connectionpool.py", line 791, in urlopen
    response = self._make_request(
               ^^^^^^^^^^^^^^^^^^^
  File "/home/airflow/.local/lib/python3.11/site-packages/urllib3/connectionpool.py", line 492, in _make_request
    raise new_e
  File "/home/airflow/.local/lib/python3.11/site-packages/urllib3/connectionpool.py", line 468, in _make_request
    self._validate_conn(conn)
  File "/home/airflow/.local/lib/python3.11/site-packages/urllib3/connectionpool.py", line 1097, in _validate_conn
    conn.connect()
  File "/home/airflow/.local/lib/python3.11/site-packages/urllib3/connection.py", line 611, in connect
    self.sock = sock = self._new_conn()
                       ^^^^^^^^^^^^^^^^
  File "/home/airflow/.local/lib/python3.11/site-packages/urllib3/connection.py", line 218, in _new_conn
    raise NewConnectionError(
urllib3.exceptions.NewConnectionError: <urllib3.connection.HTTPSConnection object at 0x7c4e4b772f50>: Failed to establish a new connection: [Errno 111] Connection refused

The above exception was the direct cause of the following exception:

Traceback (most recent call last):
  File "/home/airflow/.local/lib/python3.11/site-packages/requests/adapters.py", line 486, in send
    resp = conn.urlopen(
           ^^^^^^^^^^^^^
  File "/home/airflow/.local/lib/python3.11/site-packages/urllib3/connectionpool.py", line 845, in urlopen
    retries = retries.increment(
              ^^^^^^^^^^^^^^^^^^
  File "/home/airflow/.local/lib/python3.11/site-packages/urllib3/util/retry.py", line 515, in increment
    raise MaxRetryError(_pool, url, reason) from reason  # type: ignore[arg-type]
    ^^^^^^^^^^^^^^^^^^^^^^^^^^^^^^^^^^^^^^^^^^^^^^^^^^^
urllib3.exceptions.MaxRetryError: HTTPSConnectionPool(host='opensky-network.org', port=443): Max retries exceeded with url: /api/states/all (Caused by NewConnectionError('<urllib3.connection.HTTPSConnection object at 0x7c4e4b772f50>: Failed to establish a new connection: [Errno 111] Connection refused'))

During handling of the above exception, another exception occurred:

Traceback (most recent call last):
  File "/home/airflow/.local/lib/python3.11/site-packages/airflow/models/taskinstance.py", line 433, in _execute_task
    result = execute_callable(context=context, **execute_callable_kwargs)
             ^^^^^^^^^^^^^^^^^^^^^^^^^^^^^^^^^^^^^^^^^^^^^^^^^^^^^^^^^^^^
  File "/home/airflow/.local/lib/python3.11/site-packages/airflow/operators/python.py", line 199, in execute
    return_value = self.execute_callable()
                   ^^^^^^^^^^^^^^^^^^^^^^^
  File "/home/airflow/.local/lib/python3.11/site-packages/airflow/operators/python.py", line 216, in execute_callable
    return self.python_callable(*self.op_args, **self.op_kwargs)
           ^^^^^^^^^^^^^^^^^^^^^^^^^^^^^^^^^^^^^^^^^^^^^^^^^^^^^
  File "/opt/airflow/dags/src/main.py", line 6, in main
    raw_df = fetch_opensky_data()
             ^^^^^^^^^^^^^^^^^^^^
  File "/opt/airflow/dags/src/extract.py", line 6, in fetch_opensky_data
    response = requests.get(url)
               ^^^^^^^^^^^^^^^^^
  File "/home/airflow/.local/lib/python3.11/site-packages/requests/api.py", line 73, in get
    return request("get", url, params=params, **kwargs)
           ^^^^^^^^^^^^^^^^^^^^^^^^^^^^^^^^^^^^^^^^^^^^
  File "/home/airflow/.local/lib/python3.11/site-packages/requests/api.py", line 59, in request
    return session.request(method=method, url=url, **kwargs)
           ^^^^^^^^^^^^^^^^^^^^^^^^^^^^^^^^^^^^^^^^^^^^^^^^^
  File "/home/airflow/.local/lib/python3.11/site-packages/requests/sessions.py", line 589, in request
    resp = self.send(prep, **send_kwargs)
           ^^^^^^^^^^^^^^^^^^^^^^^^^^^^^^
  File "/home/airflow/.local/lib/python3.11/site-packages/requests/sessions.py", line 703, in send
    r = adapter.send(request, **kwargs)
        ^^^^^^^^^^^^^^^^^^^^^^^^^^^^^^^
  File "/home/airflow/.local/lib/python3.11/site-packages/requests/adapters.py", line 519, in send
    raise ConnectionError(e, request=request)
requests.exceptions.ConnectionError: HTTPSConnectionPool(host='opensky-network.org', port=443): Max retries exceeded with url: /api/states/all (Caused by NewConnectionError('<urllib3.connection.HTTPSConnection object at 0x7c4e4b772f50>: Failed to establish a new connection: [Errno 111] Connection refused'))
[2026-01-24T12:11:15.255+0000] {taskinstance.py:1138} INFO - Marking task as UP_FOR_RETRY. dag_id=opensky_pipeline, task_id=run_opensky_pipeline, execution_date=20260124T110000, start_date=20260124T121052, end_date=20260124T121115
[2026-01-24T12:11:15.338+0000] {standard_task_runner.py:107} ERROR - Failed to execute job 81 for task run_opensky_pipeline (HTTPSConnectionPool(host='opensky-network.org', port=443): Max retries exceeded with url: /api/states/all (Caused by NewConnectionError('<urllib3.connection.HTTPSConnection object at 0x7c4e4b772f50>: Failed to establish a new connection: [Errno 111] Connection refused')); 823)
[2026-01-24T12:11:15.442+0000] {local_task_job_runner.py:234} INFO - Task exited with return code 1
[2026-01-24T12:11:15.514+0000] {taskinstance.py:3280} INFO - 0 downstream tasks scheduled from follow-on schedule check
