[2026-01-18T09:21:58.529+0000] {taskinstance.py:1956} INFO - Dependencies all met for dep_context=non-requeueable deps ti=<TaskInstance: opensky_pipeline.run_opensky_pipeline scheduled__2026-01-18T08:00:00+00:00 [queued]>
[2026-01-18T09:21:58.585+0000] {taskinstance.py:1956} INFO - Dependencies all met for dep_context=requeueable deps ti=<TaskInstance: opensky_pipeline.run_opensky_pipeline scheduled__2026-01-18T08:00:00+00:00 [queued]>
[2026-01-18T09:21:58.589+0000] {taskinstance.py:2170} INFO - Starting attempt 3 of 4
[2026-01-18T09:21:59.428+0000] {taskinstance.py:2191} INFO - Executing <Task(PythonOperator): run_opensky_pipeline> on 2026-01-18 08:00:00+00:00
[2026-01-18T09:21:59.456+0000] {standard_task_runner.py:60} INFO - Started process 221 to run task
[2026-01-18T09:21:59.476+0000] {standard_task_runner.py:87} INFO - Running: ['***', 'tasks', 'run', 'opensky_pipeline', 'run_opensky_pipeline', 'scheduled__2026-01-18T08:00:00+00:00', '--job-id', '9', '--raw', '--subdir', 'DAGS_FOLDER/opensky_pipeline_dags.py', '--cfg-path', '/tmp/tmp_epjcxiv']
[2026-01-18T09:21:59.490+0000] {standard_task_runner.py:88} INFO - Job 9: Subtask run_opensky_pipeline
[2026-01-18T09:22:00.632+0000] {task_command.py:423} INFO - Running <TaskInstance: opensky_pipeline.run_opensky_pipeline scheduled__2026-01-18T08:00:00+00:00 [running]> on host c31e54d2f655
[2026-01-18T09:22:01.731+0000] {taskinstance.py:2480} INFO - Exporting env vars: AIRFLOW_CTX_DAG_OWNER='***' AIRFLOW_CTX_DAG_ID='opensky_pipeline' AIRFLOW_CTX_TASK_ID='run_opensky_pipeline' AIRFLOW_CTX_EXECUTION_DATE='2026-01-18T08:00:00+00:00' AIRFLOW_CTX_TRY_NUMBER='3' AIRFLOW_CTX_DAG_RUN_ID='scheduled__2026-01-18T08:00:00+00:00'
[2026-01-18T09:22:04.529+0000] {taskinstance.py:2698} ERROR - Task failed with exception
Traceback (most recent call last):
  File "/home/airflow/.local/lib/python3.11/site-packages/sqlalchemy/engine/base.py", line 3371, in _wrap_pool_connect
    return fn()
           ^^^^
  File "/home/airflow/.local/lib/python3.11/site-packages/sqlalchemy/pool/base.py", line 327, in connect
    return _ConnectionFairy._checkout(self)
           ^^^^^^^^^^^^^^^^^^^^^^^^^^^^^^^^
  File "/home/airflow/.local/lib/python3.11/site-packages/sqlalchemy/pool/base.py", line 894, in _checkout
    fairy = _ConnectionRecord.checkout(pool)
            ^^^^^^^^^^^^^^^^^^^^^^^^^^^^^^^^
  File "/home/airflow/.local/lib/python3.11/site-packages/sqlalchemy/pool/base.py", line 493, in checkout
    rec = pool._do_get()
          ^^^^^^^^^^^^^^
  File "/home/airflow/.local/lib/python3.11/site-packages/sqlalchemy/pool/impl.py", line 145, in _do_get
    with util.safe_reraise():
  File "/home/airflow/.local/lib/python3.11/site-packages/sqlalchemy/util/langhelpers.py", line 70, in __exit__
    compat.raise_(
  File "/home/airflow/.local/lib/python3.11/site-packages/sqlalchemy/util/compat.py", line 211, in raise_
    raise exception
  File "/home/airflow/.local/lib/python3.11/site-packages/sqlalchemy/pool/impl.py", line 143, in _do_get
    return self._create_connection()
           ^^^^^^^^^^^^^^^^^^^^^^^^^
  File "/home/airflow/.local/lib/python3.11/site-packages/sqlalchemy/pool/base.py", line 273, in _create_connection
    return _ConnectionRecord(self)
           ^^^^^^^^^^^^^^^^^^^^^^^
  File "/home/airflow/.local/lib/python3.11/site-packages/sqlalchemy/pool/base.py", line 388, in __init__
    self.__connect()
  File "/home/airflow/.local/lib/python3.11/site-packages/sqlalchemy/pool/base.py", line 690, in __connect
    with util.safe_reraise():
  File "/home/airflow/.local/lib/python3.11/site-packages/sqlalchemy/util/langhelpers.py", line 70, in __exit__
    compat.raise_(
  File "/home/airflow/.local/lib/python3.11/site-packages/sqlalchemy/util/compat.py", line 211, in raise_
    raise exception
  File "/home/airflow/.local/lib/python3.11/site-packages/sqlalchemy/pool/base.py", line 686, in __connect
    self.dbapi_connection = connection = pool._invoke_creator(self)
                                         ^^^^^^^^^^^^^^^^^^^^^^^^^^
  File "/home/airflow/.local/lib/python3.11/site-packages/sqlalchemy/engine/create.py", line 574, in connect
    return dialect.connect(*cargs, **cparams)
           ^^^^^^^^^^^^^^^^^^^^^^^^^^^^^^^^^^
  File "/home/airflow/.local/lib/python3.11/site-packages/sqlalchemy/engine/default.py", line 598, in connect
    return self.dbapi.connect(*cargs, **cparams)
           ^^^^^^^^^^^^^^^^^^^^^^^^^^^^^^^^^^^^^
  File "/home/airflow/.local/lib/python3.11/site-packages/psycopg2/__init__.py", line 122, in connect
    conn = _connect(dsn, connection_factory=connection_factory, **kwasync)
           ^^^^^^^^^^^^^^^^^^^^^^^^^^^^^^^^^^^^^^^^^^^^^^^^^^^^^^^^^^^^^^^
psycopg2.OperationalError: connection to server at "postgres" (172.19.0.2), port 5432 failed: FATAL:  password authentication failed for user "postgres"


The above exception was the direct cause of the following exception:

Traceback (most recent call last):
  File "/home/airflow/.local/lib/python3.11/site-packages/airflow/models/taskinstance.py", line 433, in _execute_task
    result = execute_callable(context=context, **execute_callable_kwargs)
             ^^^^^^^^^^^^^^^^^^^^^^^^^^^^^^^^^^^^^^^^^^^^^^^^^^^^^^^^^^^^
  File "/home/airflow/.local/lib/python3.11/site-packages/airflow/operators/python.py", line 199, in execute
    return_value = self.execute_callable()
                   ^^^^^^^^^^^^^^^^^^^^^^^
  File "/home/airflow/.local/lib/python3.11/site-packages/airflow/operators/python.py", line 216, in execute_callable
    return self.python_callable(*self.op_args, **self.op_kwargs)
           ^^^^^^^^^^^^^^^^^^^^^^^^^^^^^^^^^^^^^^^^^^^^^^^^^^^^^
  File "/opt/airflow/dags/src/main.py", line 9, in main
    upsert_dim_aircraft(dim_aircraft)
  File "/opt/airflow/dags/src/load.py", line 33, in upsert_dim_aircraft
    with engine.begin() as conn:
         ^^^^^^^^^^^^^^
  File "/home/airflow/.local/lib/python3.11/site-packages/sqlalchemy/engine/base.py", line 3153, in begin
    conn = self.connect(close_with_result=close_with_result)
           ^^^^^^^^^^^^^^^^^^^^^^^^^^^^^^^^^^^^^^^^^^^^^^^^^
  File "/home/airflow/.local/lib/python3.11/site-packages/sqlalchemy/engine/base.py", line 3325, in connect
    return self._connection_cls(self, close_with_result=close_with_result)
           ^^^^^^^^^^^^^^^^^^^^^^^^^^^^^^^^^^^^^^^^^^^^^^^^^^^^^^^^^^^^^^^
  File "/home/airflow/.local/lib/python3.11/site-packages/sqlalchemy/engine/base.py", line 96, in __init__
    else engine.raw_connection()
         ^^^^^^^^^^^^^^^^^^^^^^^
  File "/home/airflow/.local/lib/python3.11/site-packages/sqlalchemy/engine/base.py", line 3404, in raw_connection
    return self._wrap_pool_connect(self.pool.connect, _connection)
           ^^^^^^^^^^^^^^^^^^^^^^^^^^^^^^^^^^^^^^^^^^^^^^^^^^^^^^^
  File "/home/airflow/.local/lib/python3.11/site-packages/sqlalchemy/engine/base.py", line 3374, in _wrap_pool_connect
    Connection._handle_dbapi_exception_noconnection(
  File "/home/airflow/.local/lib/python3.11/site-packages/sqlalchemy/engine/base.py", line 2208, in _handle_dbapi_exception_noconnection
    util.raise_(
  File "/home/airflow/.local/lib/python3.11/site-packages/sqlalchemy/util/compat.py", line 211, in raise_
    raise exception
  File "/home/airflow/.local/lib/python3.11/site-packages/sqlalchemy/engine/base.py", line 3371, in _wrap_pool_connect
    return fn()
           ^^^^
  File "/home/airflow/.local/lib/python3.11/site-packages/sqlalchemy/pool/base.py", line 327, in connect
    return _ConnectionFairy._checkout(self)
           ^^^^^^^^^^^^^^^^^^^^^^^^^^^^^^^^
  File "/home/airflow/.local/lib/python3.11/site-packages/sqlalchemy/pool/base.py", line 894, in _checkout
    fairy = _ConnectionRecord.checkout(pool)
            ^^^^^^^^^^^^^^^^^^^^^^^^^^^^^^^^
  File "/home/airflow/.local/lib/python3.11/site-packages/sqlalchemy/pool/base.py", line 493, in checkout
    rec = pool._do_get()
          ^^^^^^^^^^^^^^
  File "/home/airflow/.local/lib/python3.11/site-packages/sqlalchemy/pool/impl.py", line 145, in _do_get
    with util.safe_reraise():
  File "/home/airflow/.local/lib/python3.11/site-packages/sqlalchemy/util/langhelpers.py", line 70, in __exit__
    compat.raise_(
  File "/home/airflow/.local/lib/python3.11/site-packages/sqlalchemy/util/compat.py", line 211, in raise_
    raise exception
  File "/home/airflow/.local/lib/python3.11/site-packages/sqlalchemy/pool/impl.py", line 143, in _do_get
    return self._create_connection()
           ^^^^^^^^^^^^^^^^^^^^^^^^^
  File "/home/airflow/.local/lib/python3.11/site-packages/sqlalchemy/pool/base.py", line 273, in _create_connection
    return _ConnectionRecord(self)
           ^^^^^^^^^^^^^^^^^^^^^^^
  File "/home/airflow/.local/lib/python3.11/site-packages/sqlalchemy/pool/base.py", line 388, in __init__
    self.__connect()
  File "/home/airflow/.local/lib/python3.11/site-packages/sqlalchemy/pool/base.py", line 690, in __connect
    with util.safe_reraise():
  File "/home/airflow/.local/lib/python3.11/site-packages/sqlalchemy/util/langhelpers.py", line 70, in __exit__
    compat.raise_(
  File "/home/airflow/.local/lib/python3.11/site-packages/sqlalchemy/util/compat.py", line 211, in raise_
    raise exception
  File "/home/airflow/.local/lib/python3.11/site-packages/sqlalchemy/pool/base.py", line 686, in __connect
    self.dbapi_connection = connection = pool._invoke_creator(self)
                                         ^^^^^^^^^^^^^^^^^^^^^^^^^^
  File "/home/airflow/.local/lib/python3.11/site-packages/sqlalchemy/engine/create.py", line 574, in connect
    return dialect.connect(*cargs, **cparams)
           ^^^^^^^^^^^^^^^^^^^^^^^^^^^^^^^^^^
  File "/home/airflow/.local/lib/python3.11/site-packages/sqlalchemy/engine/default.py", line 598, in connect
    return self.dbapi.connect(*cargs, **cparams)
           ^^^^^^^^^^^^^^^^^^^^^^^^^^^^^^^^^^^^^
  File "/home/airflow/.local/lib/python3.11/site-packages/psycopg2/__init__.py", line 122, in connect
    conn = _connect(dsn, connection_factory=connection_factory, **kwasync)
           ^^^^^^^^^^^^^^^^^^^^^^^^^^^^^^^^^^^^^^^^^^^^^^^^^^^^^^^^^^^^^^^
sqlalchemy.exc.OperationalError: (psycopg2.OperationalError) connection to server at "postgres" (172.19.0.2), port 5432 failed: FATAL:  password authentication failed for user "postgres"

(Background on this error at: https://sqlalche.me/e/14/e3q8)
[2026-01-18T09:22:04.644+0000] {taskinstance.py:1138} INFO - Marking task as UP_FOR_RETRY. dag_id=opensky_pipeline, task_id=run_opensky_pipeline, execution_date=20260118T080000, start_date=20260118T092158, end_date=20260118T092204
[2026-01-18T09:22:04.785+0000] {standard_task_runner.py:107} ERROR - Failed to execute job 9 for task run_opensky_pipeline ((psycopg2.OperationalError) connection to server at "postgres" (172.19.0.2), port 5432 failed: FATAL:  password authentication failed for user "postgres"

(Background on this error at: https://sqlalche.me/e/14/e3q8); 221)
[2026-01-18T09:22:04.866+0000] {local_task_job_runner.py:234} INFO - Task exited with return code 1
[2026-01-18T09:22:04.957+0000] {taskinstance.py:3280} INFO - 0 downstream tasks scheduled from follow-on schedule check
[2026-01-18T09:48:53.963+0000] {taskinstance.py:1956} INFO - Dependencies all met for dep_context=non-requeueable deps ti=<TaskInstance: opensky_pipeline.run_opensky_pipeline scheduled__2026-01-18T08:00:00+00:00 [queued]>
[2026-01-18T09:48:53.981+0000] {taskinstance.py:1956} INFO - Dependencies all met for dep_context=requeueable deps ti=<TaskInstance: opensky_pipeline.run_opensky_pipeline scheduled__2026-01-18T08:00:00+00:00 [queued]>
[2026-01-18T09:48:53.982+0000] {taskinstance.py:2170} INFO - Starting attempt 3 of 4
[2026-01-18T09:48:54.019+0000] {taskinstance.py:2191} INFO - Executing <Task(PythonOperator): run_opensky_pipeline> on 2026-01-18 08:00:00+00:00
[2026-01-18T09:48:54.032+0000] {standard_task_runner.py:60} INFO - Started process 369 to run task
[2026-01-18T09:48:54.044+0000] {standard_task_runner.py:87} INFO - Running: ['***', 'tasks', 'run', 'opensky_pipeline', 'run_opensky_pipeline', 'scheduled__2026-01-18T08:00:00+00:00', '--job-id', '6', '--raw', '--subdir', 'DAGS_FOLDER/opensky_pipeline_dags.py', '--cfg-path', '/tmp/tmpak633q5t']
[2026-01-18T09:48:54.054+0000] {standard_task_runner.py:88} INFO - Job 6: Subtask run_opensky_pipeline
[2026-01-18T09:48:54.269+0000] {task_command.py:423} INFO - Running <TaskInstance: opensky_pipeline.run_opensky_pipeline scheduled__2026-01-18T08:00:00+00:00 [running]> on host 96f76b6d2532
[2026-01-18T09:48:54.577+0000] {taskinstance.py:2480} INFO - Exporting env vars: AIRFLOW_CTX_DAG_OWNER='***' AIRFLOW_CTX_DAG_ID='opensky_pipeline' AIRFLOW_CTX_TASK_ID='run_opensky_pipeline' AIRFLOW_CTX_EXECUTION_DATE='2026-01-18T08:00:00+00:00' AIRFLOW_CTX_TRY_NUMBER='3' AIRFLOW_CTX_DAG_RUN_ID='scheduled__2026-01-18T08:00:00+00:00'
[2026-01-18T09:48:56.702+0000] {taskinstance.py:2698} ERROR - Task failed with exception
Traceback (most recent call last):
  File "/home/airflow/.local/lib/python3.11/site-packages/sqlalchemy/engine/base.py", line 1890, in _execute_context
    self.dialect.do_executemany(
  File "/home/airflow/.local/lib/python3.11/site-packages/sqlalchemy/dialects/postgresql/psycopg2.py", line 1000, in do_executemany
    cursor.executemany(statement, parameters)
psycopg2.errors.UndefinedTable: relation "dim_aircraft" does not exist
LINE 2:         INSERT INTO dim_aircraft (aircraft_icao, callsign, o...
                            ^


The above exception was the direct cause of the following exception:

Traceback (most recent call last):
  File "/home/airflow/.local/lib/python3.11/site-packages/airflow/models/taskinstance.py", line 433, in _execute_task
    result = execute_callable(context=context, **execute_callable_kwargs)
             ^^^^^^^^^^^^^^^^^^^^^^^^^^^^^^^^^^^^^^^^^^^^^^^^^^^^^^^^^^^^
  File "/home/airflow/.local/lib/python3.11/site-packages/airflow/operators/python.py", line 199, in execute
    return_value = self.execute_callable()
                   ^^^^^^^^^^^^^^^^^^^^^^^
  File "/home/airflow/.local/lib/python3.11/site-packages/airflow/operators/python.py", line 216, in execute_callable
    return self.python_callable(*self.op_args, **self.op_kwargs)
           ^^^^^^^^^^^^^^^^^^^^^^^^^^^^^^^^^^^^^^^^^^^^^^^^^^^^^
  File "/opt/airflow/dags/src/main.py", line 9, in main
    upsert_dim_aircraft(dim_aircraft)
  File "/opt/airflow/dags/src/load.py", line 34, in upsert_dim_aircraft
    conn.execute(sql, df.to_dict(orient="records"))
  File "/home/airflow/.local/lib/python3.11/site-packages/sqlalchemy/engine/base.py", line 1385, in execute
    return meth(self, multiparams, params, _EMPTY_EXECUTION_OPTS)
           ^^^^^^^^^^^^^^^^^^^^^^^^^^^^^^^^^^^^^^^^^^^^^^^^^^^^^^
  File "/home/airflow/.local/lib/python3.11/site-packages/sqlalchemy/sql/elements.py", line 334, in _execute_on_connection
    return connection._execute_clauseelement(
           ^^^^^^^^^^^^^^^^^^^^^^^^^^^^^^^^^^
  File "/home/airflow/.local/lib/python3.11/site-packages/sqlalchemy/engine/base.py", line 1577, in _execute_clauseelement
    ret = self._execute_context(
          ^^^^^^^^^^^^^^^^^^^^^^
  File "/home/airflow/.local/lib/python3.11/site-packages/sqlalchemy/engine/base.py", line 1953, in _execute_context
    self._handle_dbapi_exception(
  File "/home/airflow/.local/lib/python3.11/site-packages/sqlalchemy/engine/base.py", line 2134, in _handle_dbapi_exception
    util.raise_(
  File "/home/airflow/.local/lib/python3.11/site-packages/sqlalchemy/util/compat.py", line 211, in raise_
    raise exception
  File "/home/airflow/.local/lib/python3.11/site-packages/sqlalchemy/engine/base.py", line 1890, in _execute_context
    self.dialect.do_executemany(
  File "/home/airflow/.local/lib/python3.11/site-packages/sqlalchemy/dialects/postgresql/psycopg2.py", line 1000, in do_executemany
    cursor.executemany(statement, parameters)
sqlalchemy.exc.ProgrammingError: (psycopg2.errors.UndefinedTable) relation "dim_aircraft" does not exist
LINE 2:         INSERT INTO dim_aircraft (aircraft_icao, callsign, o...
                            ^

[SQL: 
        INSERT INTO dim_aircraft (aircraft_icao, callsign, origin_country)
        VALUES (%(aircraft_icao)s, %(callsign)s, %(origin_country)s)
        ON CONFLICT (aircraft_icao) DO UPDATE
        SET
            callsign = EXCLUDED.callsign,
            origin_country = EXCLUDED.origin_country;
    ]
[parameters: ({'aircraft_icao': '39de4f', 'callsign': 'TVF8938 ', 'origin_country': 'France'}, {'aircraft_icao': '39de4e', 'callsign': 'TVF69FP ', 'origin_country': 'France'}, {'aircraft_icao': '4b1815', 'callsign': 'SWR5QD  ', 'origin_country': 'Switzerland'}, {'aircraft_icao': '398239', 'callsign': 'FHARZ   ', 'origin_country': 'France'}, {'aircraft_icao': '4b1817', 'callsign': 'SWR245T ', 'origin_country': 'Switzerland'}, {'aircraft_icao': '7c35e8', 'callsign': 'KXM     ', 'origin_country': 'Australia'}, {'aircraft_icao': 'ac494e', 'callsign': 'CMD3    ', 'origin_country': 'United States'}, {'aircraft_icao': '7c6b2f', 'callsign': 'JST988  ', 'origin_country': 'Australia'}  ... displaying 10 of 4844 total bound parameter sets ...  {'aircraft_icao': '458664', 'callsign': 'CAT607  ', 'origin_country': 'Denmark'}, {'aircraft_icao': '458665', 'callsign': 'CAT9502 ', 'origin_country': 'Denmark'})]
(Background on this error at: https://sqlalche.me/e/14/f405)
[2026-01-18T09:48:56.778+0000] {taskinstance.py:1138} INFO - Marking task as UP_FOR_RETRY. dag_id=opensky_pipeline, task_id=run_opensky_pipeline, execution_date=20260118T080000, start_date=20260118T094853, end_date=20260118T094856
[2026-01-18T09:48:56.817+0000] {standard_task_runner.py:107} ERROR - Failed to execute job 6 for task run_opensky_pipeline ((psycopg2.errors.UndefinedTable) relation "dim_aircraft" does not exist
LINE 2:         INSERT INTO dim_aircraft (aircraft_icao, callsign, o...
                            ^

[SQL: 
        INSERT INTO dim_aircraft (aircraft_icao, callsign, origin_country)
        VALUES (%(aircraft_icao)s, %(callsign)s, %(origin_country)s)
        ON CONFLICT (aircraft_icao) DO UPDATE
        SET
            callsign = EXCLUDED.callsign,
            origin_country = EXCLUDED.origin_country;
    ]
[parameters: ({'aircraft_icao': '39de4f', 'callsign': 'TVF8938 ', 'origin_country': 'France'}, {'aircraft_icao': '39de4e', 'callsign': 'TVF69FP ', 'origin_country': 'France'}, {'aircraft_icao': '4b1815', 'callsign': 'SWR5QD  ', 'origin_country': 'Switzerland'}, {'aircraft_icao': '398239', 'callsign': 'FHARZ   ', 'origin_country': 'France'}, {'aircraft_icao': '4b1817', 'callsign': 'SWR245T ', 'origin_country': 'Switzerland'}, {'aircraft_icao': '7c35e8', 'callsign': 'KXM     ', 'origin_country': 'Australia'}, {'aircraft_icao': 'ac494e', 'callsign': 'CMD3    ', 'origin_country': 'United States'}, {'aircraft_icao': '7c6b2f', 'callsign': 'JST988  ', 'origin_country': 'Australia'}  ... displaying 10 of 4844 total bound parameter sets ...  {'aircraft_icao': '458664', 'callsign': 'CAT607  ', 'origin_country': 'Denmark'}, {'aircraft_icao': '458665', 'callsign': 'CAT9502 ', 'origin_country': 'Denmark'})]
(Background on this error at: https://sqlalche.me/e/14/f405); 369)
[2026-01-18T09:48:56.852+0000] {local_task_job_runner.py:234} INFO - Task exited with return code 1
[2026-01-18T09:48:56.903+0000] {taskinstance.py:3280} INFO - 0 downstream tasks scheduled from follow-on schedule check
